        -:    0:Source:test/test_runners/identifier_test_Runner.c
        -:    0:Graph:identifier_test_Runner.gcno
        -:    0:Data:identifier_test_Runner.gcda
        -:    0:Runs:1
        -:    0:Programs:1
        -:    1:/* AUTOGENERATED FILE. DO NOT EDIT. */
        -:    2:
        -:    3:#define DOING_UNIT_TESTS
        -:    4:/*=======Test Runner Used To Run Each Test Below=====*/
        -:    5:#define RUN_TEST(TestFunc, TestLineNum) \
        -:    6:{ \
        -:    7:  Unity.CurrentTestName = #TestFunc; \
        -:    8:  Unity.CurrentTestLineNumber = TestLineNum; \
        -:    9:  Unity.NumberOfTests++; \
        -:   10:  if (TEST_PROTECT()) \
        -:   11:  { \
        -:   12:      setUp(); \
        -:   13:      TestFunc(); \
        -:   14:  } \
        -:   15:  if (TEST_PROTECT()) \
        -:   16:  { \
        -:   17:    tearDown(); \
        -:   18:  } \
        -:   19:  UnityConcludeTest(); \
        -:   20:}
        -:   21:
        -:   22:/*=======Automagically Detected Files To Include=====*/
        -:   23:#include "unity.h"
        -:   24:#include <setjmp.h>
        -:   25:#include <stdio.h>
        -:   26:
        -:   27:/*=======External Functions This Runner Calls=====*/
        -:   28:extern void setUp(void);
        -:   29:extern void tearDown(void);
        -:   30:
        -:   31:extern void TestandoValidacaoParaCharDeAOuaAteZOuz_1(void);
        -:   32:extern void TestandoValidacaoParaCharDeAOuaAteZOuz_2(void);
        -:   33:extern void TestandoValidacaoParaCharDeAOuaAteZOuz_3(void);
        -:   34:extern void TestandoValidacaoParaCharDeAOuaAteZOuz_4(void);
        -:   35:extern void TestandoValidacaoParaCharDeAOuaAteZOuz_5(void);
        -:   36:extern void TestandoValidacaoParaCharDeAOuaAteZOuz_6(void);
        -:   37:extern void TestandoValidacaoParaCharDeAOuaAteZOuz_7(void);
        -:   38:extern void TestandoValidacaoParaCharDeAOuaAteZOuz_8(void);
        -:   39:extern void TestandoValidacaoParaCharDeAOuaAteZOuz_9(void);
        -:   40:extern void TestandoValidacaoParaCharDeAOuaAteZOuz_10(void);
        -:   41:extern void TestandoValidacaoParaCharDeAOuaAteZOuz_11(void);
        -:   42:extern void TestandoValidacaoParaCharDeAOuaAteZOuz_12(void);
        -:   43:extern void TestandoValidacaoParaCharDeAOuaAteZOuz_NumericError(void);
        -:   44:extern void TestandoValidacaoParaCharDeAOuaAteZOuz_WordError(void);
        -:   45:extern void TestandoValidacaoParaCharDeAOuaAteZOuz_WordError2(void);
        -:   46:extern void TestandoValidacaoParaCharDeAOuaAteZOuz_FloatNumericError(void);
        -:   47:extern void TestandoValidacaoParaCharAndInteirosDeAOuaAteZOuzEDe0ate9_1(void);
        -:   48:extern void TestandoValidacaoParaCharAndInteirosDeAOuaAteZOuzEDe0ate9_2(void);
        -:   49:extern void TestandoValidacaoParaCharAndInteirosDeAOuaAteZOuzEDe0ate9_3(void);
        -:   50:extern void TestandoValidacaoParaCharAndInteirosDeAOuaAteZOuzEDe0ate9_4(void);
        -:   51:extern void TestandoValidacaoParaCharAndInteirosDeAOuaAteZOuzEDe0ate9_5(void);
        -:   52:extern void TestandoValidacaoParaCharAndInteirosDeAOuaAteZOuzEDe0ate9_6(void);
        -:   53:extern void TestandoValidacaoParaCharAndInteirosDeAOuaAteZOuzEDe0ate9_7(void);
        -:   54:extern void TestandoValidacaoParaCharAndInteirosDeAOuaAteZOuzEDe0ate9_8(void);
        -:   55:extern void TestandoValidacaoParaCharAndInteirosDeAOuaAteZOuzEDe0ate9_9(void);
        -:   56:extern void TestandoValidacaoParaCharAndInteirosDeAOuaAteZOuzEDe0ate9_10(void);
        -:   57:extern void TestandoValidacaoParaCharAndInteirosDeAOuaAteZOuzEDe0ate9_11(void);
        -:   58:extern void TestandoValidacaoParaCharAndInteirosDeAOuaAteZOuzEDe0ate9_12(void);
        -:   59:extern void TestandoValidacaoParaCharAndInteirosDeAOuaAteZOuzEDe0ate9_13(void);
        -:   60:extern void TestandoValidacaoParaCharAndInteirosDeAOuaAteZOuzEDe0ate9_14(void);
        -:   61:extern void TestandoValidacaoParaCharAndInteirosDeAOuaAteZOuzEDe0ate9_15(void);
        -:   62:extern void TestandoValidacaoParaCharAndInteirosDeAOuaAteZOuzEDe0ate9_16(void);
        -:   63:extern void TestandoValidacaoParaCharAndInteirosDeAOuaAteZOuzEDe0ate9_17(void);
        -:   64:extern void TestandoValidacaoParaCharAndInteirosDeAOuaAteZOuzEDe0ate9_18(void);
        -:   65:extern void TestandoValidacaoParaCharAndInteirosDeAOuaAteZOuzEDe0ate9_WordError(void);
        -:   66:extern void TestandoValidacaoParaCharAndInteirosDeAOuaAteZOuzEDe0ate9_WordError2(void);
        -:   67:extern void TestandoValidacaoParaCharAndInteirosDeAOuaAteZOuzEDe0ate9_FloatNumberError(void);
        -:   68:extern void TestandoValidacaoParaCharAndInteirosDeAOuaAteZOuzEDe0ate9_NumberError(void);
        -:   69:
        -:   70:extern void TestandoMain_ComecandoComNumero(void);
        -:   71:extern void TestandoMain_ComecandoComLetraSucesso(void);
        -:   72:extern void TestandoMain_ComecandoComLetraApenasLetrasSucesso(void);
        -:   73:extern void TestandoMain_ComecandoComLetraComNumerosInvalido(void);
        -:   74:extern void TestandoMain_ComecandoComLetraApenasLetrasInvalido(void);
        -:   75:/*=======Test Reset Option=====*/
        -:   76:void resetTest(void);
function resetTest called 0 returned 0% blocks executed 0%
    #####:   77:void resetTest(void)
        -:   78:{
    #####:   79:  tearDown();
    #####:   80:  setUp();
    #####:   81:}
        -:   82:
        -:   83:
        -:   84:/*=======MAIN=====*/
function main called 1 returned 100% blocks executed 97%
        1:   85:int main(void)
        -:   86:{
        1:   87:  UnityBegin("../identifier_test.c");
        1:   88:  RUN_TEST(TestandoValidacaoParaCharDeAOuaAteZOuz_1,12);
branch  0 taken 100%
branch  1 taken 0%
branch  2 taken 100%
branch  3 taken 0%
        1:   89:  RUN_TEST(TestandoValidacaoParaCharDeAOuaAteZOuz_2,17);
branch  0 taken 100%
branch  1 taken 0%
branch  2 taken 100%
branch  3 taken 0%
        1:   90:  RUN_TEST(TestandoValidacaoParaCharDeAOuaAteZOuz_3,22);
branch  0 taken 100%
branch  1 taken 0%
branch  2 taken 100%
branch  3 taken 0%
        1:   91:  RUN_TEST(TestandoValidacaoParaCharDeAOuaAteZOuz_4,27);
branch  0 taken 100%
branch  1 taken 0%
branch  2 taken 100%
branch  3 taken 0%
        1:   92:  RUN_TEST(TestandoValidacaoParaCharDeAOuaAteZOuz_5,32);
branch  0 taken 100%
branch  1 taken 0%
branch  2 taken 100%
branch  3 taken 0%
        1:   93:  RUN_TEST(TestandoValidacaoParaCharDeAOuaAteZOuz_6,37);
branch  0 taken 100%
branch  1 taken 0%
branch  2 taken 100%
branch  3 taken 0%
        1:   94:  RUN_TEST(TestandoValidacaoParaCharDeAOuaAteZOuz_7,42);
branch  0 taken 100%
branch  1 taken 0%
branch  2 taken 100%
branch  3 taken 0%
        1:   95:  RUN_TEST(TestandoValidacaoParaCharDeAOuaAteZOuz_8,47);
branch  0 taken 100%
branch  1 taken 0%
branch  2 taken 100%
branch  3 taken 0%
        1:   96:  RUN_TEST(TestandoValidacaoParaCharDeAOuaAteZOuz_9,52);
branch  0 taken 100%
branch  1 taken 0%
branch  2 taken 100%
branch  3 taken 0%
        1:   97:  RUN_TEST(TestandoValidacaoParaCharDeAOuaAteZOuz_10,57);
branch  0 taken 100%
branch  1 taken 0%
branch  2 taken 100%
branch  3 taken 0%
        1:   98:  RUN_TEST(TestandoValidacaoParaCharDeAOuaAteZOuz_11,62);
branch  0 taken 100%
branch  1 taken 0%
branch  2 taken 100%
branch  3 taken 0%
        1:   99:  RUN_TEST(TestandoValidacaoParaCharDeAOuaAteZOuz_12,67);
branch  0 taken 100%
branch  1 taken 0%
branch  2 taken 100%
branch  3 taken 0%
        1:  100:  RUN_TEST(TestandoValidacaoParaCharDeAOuaAteZOuz_NumericError,72);
branch  0 taken 100%
branch  1 taken 0%
branch  2 taken 100%
branch  3 taken 0%
        1:  101:  RUN_TEST(TestandoValidacaoParaCharDeAOuaAteZOuz_WordError,77);
branch  0 taken 100%
branch  1 taken 0%
branch  2 taken 100%
branch  3 taken 0%
        1:  102:  RUN_TEST(TestandoValidacaoParaCharDeAOuaAteZOuz_WordError2,82);
branch  0 taken 50%
branch  1 taken 50%
branch  2 taken 100%
branch  3 taken 0%
        1:  103:  RUN_TEST(TestandoValidacaoParaCharDeAOuaAteZOuz_FloatNumericError,87);
branch  0 taken 50%
branch  1 taken 50%
branch  2 taken 100%
branch  3 taken 0%
        1:  104:  RUN_TEST(TestandoValidacaoParaCharAndInteirosDeAOuaAteZOuzEDe0ate9_1,92);
branch  0 taken 100%
branch  1 taken 0%
branch  2 taken 100%
branch  3 taken 0%
        1:  105:  RUN_TEST(TestandoValidacaoParaCharAndInteirosDeAOuaAteZOuzEDe0ate9_2,97);
branch  0 taken 100%
branch  1 taken 0%
branch  2 taken 100%
branch  3 taken 0%
        1:  106:  RUN_TEST(TestandoValidacaoParaCharAndInteirosDeAOuaAteZOuzEDe0ate9_3,102);
branch  0 taken 100%
branch  1 taken 0%
branch  2 taken 100%
branch  3 taken 0%
        1:  107:  RUN_TEST(TestandoValidacaoParaCharAndInteirosDeAOuaAteZOuzEDe0ate9_4,107);
branch  0 taken 100%
branch  1 taken 0%
branch  2 taken 100%
branch  3 taken 0%
        1:  108:  RUN_TEST(TestandoValidacaoParaCharAndInteirosDeAOuaAteZOuzEDe0ate9_5,112);
branch  0 taken 100%
branch  1 taken 0%
branch  2 taken 100%
branch  3 taken 0%
        1:  109:  RUN_TEST(TestandoValidacaoParaCharAndInteirosDeAOuaAteZOuzEDe0ate9_6,117);
branch  0 taken 100%
branch  1 taken 0%
branch  2 taken 100%
branch  3 taken 0%
        1:  110:  RUN_TEST(TestandoValidacaoParaCharAndInteirosDeAOuaAteZOuzEDe0ate9_7,122);
branch  0 taken 100%
branch  1 taken 0%
branch  2 taken 100%
branch  3 taken 0%
        1:  111:  RUN_TEST(TestandoValidacaoParaCharAndInteirosDeAOuaAteZOuzEDe0ate9_8,127);
branch  0 taken 100%
branch  1 taken 0%
branch  2 taken 100%
branch  3 taken 0%
        1:  112:  RUN_TEST(TestandoValidacaoParaCharAndInteirosDeAOuaAteZOuzEDe0ate9_9,132);
branch  0 taken 100%
branch  1 taken 0%
branch  2 taken 100%
branch  3 taken 0%
        1:  113:  RUN_TEST(TestandoValidacaoParaCharAndInteirosDeAOuaAteZOuzEDe0ate9_10,137);
branch  0 taken 100%
branch  1 taken 0%
branch  2 taken 100%
branch  3 taken 0%
        1:  114:  RUN_TEST(TestandoValidacaoParaCharAndInteirosDeAOuaAteZOuzEDe0ate9_11,142);
branch  0 taken 100%
branch  1 taken 0%
branch  2 taken 100%
branch  3 taken 0%
        1:  115:  RUN_TEST(TestandoValidacaoParaCharAndInteirosDeAOuaAteZOuzEDe0ate9_12,147);
branch  0 taken 100%
branch  1 taken 0%
branch  2 taken 100%
branch  3 taken 0%
        1:  116:  RUN_TEST(TestandoValidacaoParaCharAndInteirosDeAOuaAteZOuzEDe0ate9_13,152);
branch  0 taken 100%
branch  1 taken 0%
branch  2 taken 100%
branch  3 taken 0%
        1:  117:  RUN_TEST(TestandoValidacaoParaCharAndInteirosDeAOuaAteZOuzEDe0ate9_14,157);
branch  0 taken 100%
branch  1 taken 0%
branch  2 taken 100%
branch  3 taken 0%
        1:  118:  RUN_TEST(TestandoValidacaoParaCharAndInteirosDeAOuaAteZOuzEDe0ate9_15,162);
branch  0 taken 100%
branch  1 taken 0%
branch  2 taken 100%
branch  3 taken 0%
        1:  119:  RUN_TEST(TestandoValidacaoParaCharAndInteirosDeAOuaAteZOuzEDe0ate9_16,167);
branch  0 taken 100%
branch  1 taken 0%
branch  2 taken 100%
branch  3 taken 0%
        1:  120:  RUN_TEST(TestandoValidacaoParaCharAndInteirosDeAOuaAteZOuzEDe0ate9_17,172);
branch  0 taken 100%
branch  1 taken 0%
branch  2 taken 100%
branch  3 taken 0%
        1:  121:  RUN_TEST(TestandoValidacaoParaCharAndInteirosDeAOuaAteZOuzEDe0ate9_18,177);
branch  0 taken 100%
branch  1 taken 0%
branch  2 taken 100%
branch  3 taken 0%
        1:  122:  RUN_TEST(TestandoValidacaoParaCharAndInteirosDeAOuaAteZOuzEDe0ate9_WordError,182);
branch  0 taken 50%
branch  1 taken 50%
branch  2 taken 100%
branch  3 taken 0%
        1:  123:  RUN_TEST(TestandoValidacaoParaCharAndInteirosDeAOuaAteZOuzEDe0ate9_WordError2,187);
branch  0 taken 50%
branch  1 taken 50%
branch  2 taken 100%
branch  3 taken 0%
        1:  124:  RUN_TEST(TestandoValidacaoParaCharAndInteirosDeAOuaAteZOuzEDe0ate9_FloatNumberError,192);
branch  0 taken 50%
branch  1 taken 50%
branch  2 taken 100%
branch  3 taken 0%
        1:  125:  RUN_TEST(TestandoValidacaoParaCharAndInteirosDeAOuaAteZOuzEDe0ate9_NumberError,197);
branch  0 taken 100%
branch  1 taken 0%
branch  2 taken 100%
branch  3 taken 0%
        -:  126:
        1:  127:  RUN_TEST(TestandoMain_ComecandoComNumero,202);
branch  0 taken 100%
branch  1 taken 0%
branch  2 taken 100%
branch  3 taken 0%
        1:  128:  RUN_TEST(TestandoMain_ComecandoComLetraSucesso,208);
branch  0 taken 100%
branch  1 taken 0%
branch  2 taken 100%
branch  3 taken 0%
        1:  129:  RUN_TEST(TestandoMain_ComecandoComLetraApenasLetrasSucesso,214);
branch  0 taken 100%
branch  1 taken 0%
branch  2 taken 100%
branch  3 taken 0%
        1:  130:  RUN_TEST(TestandoMain_ComecandoComLetraComNumerosInvalido,220);
branch  0 taken 100%
branch  1 taken 0%
branch  2 taken 100%
branch  3 taken 0%
        1:  131:  RUN_TEST(TestandoMain_ComecandoComLetraApenasLetrasInvalido,226);
branch  0 taken 100%
branch  1 taken 0%
branch  2 taken 100%
branch  3 taken 0%
        1:  132:  return (UnityEnd());
        -:  133:}
